<?xml version="1.0" encoding="UTF-8"?>
<!-- Generated by org.testng.reporters.JUnitXMLReporter -->
<testsuite ignored="0" hostname="DESKTOP-JKMLIMQ" failures="0" tests="3" name="W3Schools" time="41.472" errors="0" timestamp="2023-10-13T00:44:24 IST">
  <testcase classname="testScripts.W3School_Test" name="test_theLogo" time="0.053"/>
  <testcase classname="testScripts.W3School_Test" name="test_the_SearchTextBox" time="0.047"/>
  <testcase classname="testScripts.W3School_Test" name="title_url" time="0.021"/>
</testsuite> <!-- W3Schools -->
