<?xml version="1.0" encoding="UTF-8"?>
<!-- Generated by org.testng.reporters.JUnitXMLReporter -->
<testsuite ignored="0" hostname="DESKTOP-JKMLIMQ" failures="0" tests="3" name="Contact Us page validation" time="8.208" errors="0" timestamp="2023-10-11T23:27:49 IST">
  <testcase classname="testing.TC_003" name="ContactUs_pagevalidation_2" time="1.513"/>
  <testcase classname="testing.TC_003" name="do_some_testing_1" time="0.003"/>
  <testcase classname="testing.TC_003" name="test_homepage_1" time="0.613"/>
</testsuite> <!-- Contact Us page validation -->
