<?xml version="1.0" encoding="UTF-8"?>
<!-- Generated by org.testng.reporters.JUnitXMLReporter -->
<testsuite ignored="2" hostname="DESKTOP-JKMLIMQ" failures="0" tests="2" name="group testing" time="0.05" errors="0" timestamp="2023-10-12T00:38:34 IST">
  <testcase classname="testing.Group_Learning_TC_5" name="Signin_page_validation" time="0.006"/>
  <testcase classname="testing.Group_Learning_TC_5" name="homepage_validation" time="0.012"/>
  <testcase classname="testing.Group_Learning_TC_5" name="signup_page__validation" time="0.0">
    <ignored/>
  </testcase> <!-- signup_page__validation -->
  <testcase classname="testing.Group_Learning_TC_5" name="cart_pagevalidation" time="0.0">
    <ignored/>
  </testcase> <!-- cart_pagevalidation -->
</testsuite> <!-- group testing -->
